<?xml version="1.0" encoding="UTF-8"?>
<testng-results skipped="0" failed="0" ignored="0" total="1" passed="1">
  <reporter-output>
  </reporter-output>
  <suite name="Surefire suite" duration-ms="4368" started-at="2022-01-26T21:41:44 EST" finished-at="2022-01-26T21:41:48 EST">
    <groups>
    </groups>
    <test name="Surefire test" duration-ms="4368" started-at="2022-01-26T21:41:44 EST" finished-at="2022-01-26T21:41:48 EST">
      <class name="maven.AppTest">
        <test-method status="PASS" signature="test()[pri:0, instance:maven.AppTest@3c0f93f1]" name="test" duration-ms="4167" started-at="2022-01-26T21:41:44 EST" finished-at="2022-01-26T21:41:48 EST">
          <reporter-output>
          </reporter-output>
        </test-method> <!-- test -->
        <test-method status="PASS" signature="afterMethod()[pri:0, instance:maven.AppTest@3c0f93f1]" name="afterMethod" is-config="true" duration-ms="172" started-at="2022-01-26T21:41:48 EST" finished-at="2022-01-26T21:41:48 EST">
          <reporter-output>
          </reporter-output>
        </test-method> <!-- afterMethod -->
      </class> <!-- maven.AppTest -->
    </test> <!-- Surefire test -->
  </suite> <!-- Surefire suite -->
</testng-results>
